Request: Array
(
)

Headers: Array
(
    [Host] => paysub.great-site.net
    [X-Forwarded-Proto] => https
    [X-Real-Ip] => 154.161.165.65
    [X-Forwarded-For] => 154.161.165.65
    [Cache-Control] => max-age=0
    [Sec-Ch-Ua] => "Google Chrome";v="135", "Not-A.Brand";v="8", "Chromium";v="135"
    [Sec-Ch-Ua-Mobile] => ?0
    [Sec-Ch-Ua-Platform] => "Windows"
    [Upgrade-Insecure-Requests] => 1
    [User-Agent] => Mozilla/5.0 (Windows NT 10.0; Win64; x64) AppleWebKit/537.36 (KHTML, like Gecko) Chrome/135.0.0.0 Safari/537.36
    [Accept] => text/html,application/xhtml+xml,application/xml;q=0.9,image/avif,image/webp,image/apng,*/*;q=0.8,application/signed-exchange;v=b3;q=0.7
    [Sec-Fetch-Site] => cross-site
    [Sec-Fetch-Mode] => navigate
    [Sec-Fetch-User] => ?1
    [Sec-Fetch-Dest] => document
    [Referer] => https://paysub.great-site.net/support?i=1
    [Accept-Encoding] => gzip, deflate, br, zstd
    [Accept-Language] => en-GB,en-US;q=0.9,en;q=0.8
    [Cookie] => PHPSESSID=644df4ebfc21ec50c409bbb10104b43e; __test=f85ca3ae7600f66d6667645c50fdbc67
)

Request: Array
(
)

Headers: Array
(
    [Host] => paysub.great-site.net
    [X-Forwarded-Proto] => https
    [X-Real-Ip] => 154.161.165.65
    [X-Forwarded-For] => 154.161.165.65
    [Upgrade-Insecure-Requests] => 1
    [User-Agent] => Mozilla/5.0 (iPhone; CPU iPhone OS 16_6 like Mac OS X) AppleWebKit/605.1.15 (KHTML, like Gecko) Version/16.6 Mobile/15E148 Safari/604.1
    [Accept] => text/html,application/xhtml+xml,application/xml;q=0.9,image/avif,image/webp,image/apng,*/*;q=0.8,application/signed-exchange;v=b3;q=0.7
    [Sec-Fetch-Site] => same-origin
    [Sec-Fetch-Mode] => navigate
    [Sec-Fetch-Dest] => document
    [Referer] => https://paysub.great-site.net/support?i=2
    [Accept-Encoding] => gzip, deflate, br, zstd
    [Accept-Language] => en-GB,en-US;q=0.9,en;q=0.8
    [Cookie] => PHPSESSID=644df4ebfc21ec50c409bbb10104b43e; __test=945925d6f68840e9e279856ed4dcb51b
)

