HTTP Code: 200
Response: {"code":"ok","message":"Successfully Sent","balance":56,"main_balance":-0.010000000000000002,"user":"Samuel Bempah"}
cURL Error: 

Login OTP - HTTP Code: 200
Response: {"code":"ok","message":"Successfully Sent","balance":55,"main_balance":-0.010000000000000002,"user":"Samuel Bempah"}
cURL Error: 

Login OTP - HTTP Code: 200
Response: {"code":"ok","message":"Successfully Sent","balance":50,"main_balance":-0.010000000000000002,"user":"Samuel Bempah"}
cURL Error: 

Login OTP - HTTP Code: 200
Response: {"code":"ok","message":"Successfully Sent","balance":47,"main_balance":-0.010000000000000002,"user":"Samuel Bempah"}
cURL Error: 

Login OTP - HTTP Code: 200
Response: {"code":"ok","message":"Successfully Sent","balance":35,"main_balance":-0.010000000000000002,"user":"Samuel Bempah"}
cURL Error: 

HTTP Code: 200
Response: {"code":"ok","message":"Successfully Sent","balance":34,"main_balance":-0.010000000000000002,"user":"Samuel Bempah"}
cURL Error: 

Login OTP - HTTP Code: 200
Response: {"code":"ok","message":"Successfully Sent","balance":33,"main_balance":-0.010000000000000002,"user":"Samuel Bempah"}
cURL Error: 

Login OTP - HTTP Code: 200
Response: {"code":"ok","message":"Successfully Sent","balance":32,"main_balance":-0.010000000000000002,"user":"Samuel Bempah"}
cURL Error: 

Login OTP - HTTP Code: 200
Response: {"code":"ok","message":"Successfully Sent","balance":29,"main_balance":-0.010000000000000002,"user":"Samuel Bempah"}
cURL Error: 

Login OTP - HTTP Code: 200
Response: {"code":"ok","message":"Successfully Sent","balance":22,"main_balance":-0.010000000000000002,"user":"Samuel Bempah"}
cURL Error: 

HTTP Code: 200
Response: {"code":"ok","message":"Successfully Sent","balance":19,"main_balance":-0.010000000000000002,"user":"Samuel Bempah"}
cURL Error: 

HTTP Code: 200
Response: {"code":"ok","message":"Successfully Sent","balance":18,"main_balance":-0.010000000000000002,"user":"Samuel Bempah"}
cURL Error: 

Login OTP - HTTP Code: 200
Response: {"code":"ok","message":"Successfully Sent","balance":17,"main_balance":-0.010000000000000002,"user":"Samuel Bempah"}
cURL Error: 

Login OTP - HTTP Code: 200
Response: {"code":"ok","message":"Successfully Sent","balance":13,"main_balance":-0.010000000000000002,"user":"Samuel Bempah"}
cURL Error: 

HTTP Code: 200
Response: {"code":"ok","message":"Successfully Sent","balance":653,"main_balance":-0.010000000000000002,"user":"Samuel Bempah"}
cURL Error: 

Login OTP - HTTP Code: 200
Response: {"code":"ok","message":"Successfully Sent","balance":652,"main_balance":-0.010000000000000002,"user":"Samuel Bempah"}
cURL Error: 

HTTP Code: 200
Response: {"code":"ok","message":"Successfully Sent","balance":642,"main_balance":-0.010000000000000002,"user":"Samuel Bempah"}
cURL Error: 

Login OTP - HTTP Code: 200
Response: {"code":"ok","message":"Successfully Sent","balance":641,"main_balance":-0.010000000000000002,"user":"Samuel Bempah"}
cURL Error: 

Login OTP - HTTP Code: 200
Response: {"code":"ok","message":"Successfully Sent","balance":636,"main_balance":-0.010000000000000002,"user":"Samuel Bempah"}
cURL Error: 

Login OTP - HTTP Code: 200
Response: {"code":"ok","message":"Successfully Sent","balance":634,"main_balance":-0.010000000000000002,"user":"Samuel Bempah"}
cURL Error: 

Login OTP - HTTP Code: 200
Response: {"code":"ok","message":"Successfully Sent","balance":628,"main_balance":-0.010000000000000002,"user":"Samuel Bempah"}
cURL Error: 

HTTP Code: 200
Response: {"code":"ok","message":"Successfully Sent","balance":627,"main_balance":-0.010000000000000002,"user":"Samuel Bempah"}
cURL Error: 

Login OTP - HTTP Code: 200
Response: {"code":"ok","message":"Successfully Sent","balance":626,"main_balance":-0.010000000000000002,"user":"Samuel Bempah"}
cURL Error: 

HTTP Code: 200
Response: {"code":"ok","message":"Successfully Sent","balance":625,"main_balance":-0.010000000000000002,"user":"Samuel Bempah"}

2025-04-12 03:44:57 - Login OTP - HTTP Code: 200
Response: {"code":"ok","message":"Successfully Sent","balance":624,"main_balance":-0.010000000000000002,"user":"Samuel Bempah"}
cURL Error: 

2025-04-12 03:48:29 - Login OTP - HTTP Code: 200
Response: {"code":"ok","message":"Successfully Sent","balance":623,"main_balance":-0.010000000000000002,"user":"Samuel Bempah"}
cURL Error: 

Login OTP - HTTP Code: 200
Response: {"code":"ok","message":"Successfully Sent","balance":622,"main_balance":-0.010000000000000002,"user":"Samuel Bempah"}
cURL Error: 

Login OTP - HTTP Code: 200
Response: {"code":"ok","message":"Successfully Sent","balance":621,"main_balance":-0.010000000000000002,"user":"Samuel Bempah"}
cURL Error: 

HTTP Code: 200
Response: {"code":"ok","message":"Successfully Sent","balance":620,"main_balance":-0.010000000000000002,"user":"Samuel Bempah"}

Login OTP - HTTP Code: 200
Response: {"code":"ok","message":"Successfully Sent","balance":619,"main_balance":-0.010000000000000002,"user":"Samuel Bempah"}
cURL Error: 

Login OTP - HTTP Code: 200
Response: {"code":"ok","message":"Successfully Sent","balance":618,"main_balance":-0.010000000000000002,"user":"Samuel Bempah"}
cURL Error: 

Login OTP - HTTP Code: 200
Response: {"code":"ok","message":"Successfully Sent","balance":505,"main_balance":-0.010000000000000002,"user":"Samuel Bempah"}
cURL Error: 

Login OTP - HTTP Code: 200
Response: {"code":"ok","message":"Successfully Sent","balance":504,"main_balance":-0.010000000000000002,"user":"Samuel Bempah"}
cURL Error: 

Login OTP - HTTP Code: 200
Response: {"code":"ok","message":"Successfully Sent","balance":503,"main_balance":-0.010000000000000002,"user":"Samuel Bempah"}
cURL Error: 

Login OTP - HTTP Code: 200
Response: {"code":"ok","message":"Successfully Sent","balance":494,"main_balance":-0.010000000000000002,"user":"Samuel Bempah"}
cURL Error: 

HTTP Code: 200
Response: {"code":"ok","message":"Successfully Sent","balance":485,"main_balance":-0.010000000000000002,"user":"Samuel Bempah"}

Login OTP - HTTP Code: 200
Response: {"code":"ok","message":"Successfully Sent","balance":484,"main_balance":-0.010000000000000002,"user":"Samuel Bempah"}
cURL Error: 

HTTP Code: 200
Response: {"code":"ok","message":"Successfully Sent","balance":476,"main_balance":-0.010000000000000002,"user":"Samuel Bempah"}

Login OTP - HTTP Code: 200
Response: {"code":"ok","message":"Successfully Sent","balance":475,"main_balance":-0.010000000000000002,"user":"Samuel Bempah"}
cURL Error: 

HTTP Code: 200
Response: {"code":"ok","message":"Successfully Sent","balance":459,"main_balance":-0.010000000000000002,"user":"Samuel Bempah"}

Login OTP - HTTP Code: 200
Response: {"code":"ok","message":"Successfully Sent","balance":429,"main_balance":-0.010000000000000002,"user":"Samuel Bempah"}
cURL Error: 

Login OTP - HTTP Code: 200
Response: {"code":"ok","message":"Successfully Sent","balance":424,"main_balance":-0.010000000000000002,"user":"Samuel Bempah"}
cURL Error: 

Login OTP - HTTP Code: 200
Response: {"code":"ok","message":"Successfully Sent","balance":423,"main_balance":-0.010000000000000002,"user":"Samuel Bempah"}
cURL Error: 

Login OTP - HTTP Code: 0
Response: 
cURL Error: Connection timed out after 10001 milliseconds

Login OTP - HTTP Code: 200
Response: {"code":"ok","message":"Successfully Sent","balance":420,"main_balance":-0.010000000000000002,"user":"Samuel Bempah"}
cURL Error: 

Login OTP - HTTP Code: 200
Response: {"code":"ok","message":"Successfully Sent","balance":412,"main_balance":-0.010000000000000002,"user":"Samuel Bempah"}
cURL Error: 

Login OTP - HTTP Code: 200
Response: {"code":"ok","message":"Successfully Sent","balance":411,"main_balance":-0.010000000000000002,"user":"Samuel Bempah"}
cURL Error: 

Login OTP - HTTP Code: 200
Response: {"code":"ok","message":"Successfully Sent","balance":410,"main_balance":-0.010000000000000002,"user":"Samuel Bempah"}
cURL Error: 

Login OTP - HTTP Code: 200
Response: {"code":"ok","message":"Successfully Sent","balance":402,"main_balance":-0.010000000000000002,"user":"Samuel Bempah"}
cURL Error: 

Login OTP - HTTP Code: 200
Response: {"code":"ok","message":"Successfully Sent","balance":393,"main_balance":-0.010000000000000002,"user":"Samuel Bempah"}
cURL Error: 

Login OTP - HTTP Code: 200
Response: {"code":"ok","message":"Successfully Sent","balance":375,"main_balance":-0.010000000000000002,"user":"Samuel Bempah"}
cURL Error: 

Login OTP - HTTP Code: 200
Response: {"code":"ok","message":"Successfully Sent","balance":374,"main_balance":-0.010000000000000002,"user":"Samuel Bempah"}
cURL Error: 

Login OTP - HTTP Code: 200
Response: {"code":"ok","message":"Successfully Sent","balance":373,"main_balance":-0.010000000000000002,"user":"Samuel Bempah"}
cURL Error: 

Login OTP - HTTP Code: 200
Response: {"code":"ok","message":"Successfully Sent","balance":372,"main_balance":-0.010000000000000002,"user":"Samuel Bempah"}
cURL Error: 

Login OTP - HTTP Code: 200
Response: {"code":"ok","message":"Successfully Sent","balance":368,"main_balance":-0.010000000000000002,"user":"Samuel Bempah"}
cURL Error: 

HTTP Code: 200
Response: {"code":"ok","message":"Successfully Sent","balance":367,"main_balance":-0.010000000000000002,"user":"Samuel Bempah"}

Login OTP - HTTP Code: 200
Response: {"code":"ok","message":"Successfully Sent","balance":366,"main_balance":-0.010000000000000002,"user":"Samuel Bempah"}
cURL Error: 

Login OTP - HTTP Code: 200
Response: {"code":"ok","message":"Successfully Sent","balance":335,"main_balance":-0.010000000000000002,"user":"Samuel Bempah"}
cURL Error: 

Login OTP - HTTP Code: 200
Response: {"code":"ok","message":"Successfully Sent","balance":334,"main_balance":-0.010000000000000002,"user":"Samuel Bempah"}
cURL Error: 

Login OTP - HTTP Code: 200
Response: {"code":"ok","message":"Successfully Sent","balance":333,"main_balance":-0.010000000000000002,"user":"Samuel Bempah"}
cURL Error: 

Login OTP - HTTP Code: 200
Response: {"code":"ok","message":"Successfully Sent","balance":332,"main_balance":-0.010000000000000002,"user":"Samuel Bempah"}
cURL Error: 

Login OTP - HTTP Code: 200
Response: {"code":"ok","message":"Successfully Sent","balance":331,"main_balance":-0.010000000000000002,"user":"Samuel Bempah"}
cURL Error: 

Login OTP - HTTP Code: 200
Response: {"code":"ok","message":"Successfully Sent","balance":330,"main_balance":-0.010000000000000002,"user":"Samuel Bempah"}
cURL Error: 

Login OTP - HTTP Code: 200
Response: {"code":"ok","message":"Successfully Sent","balance":329,"main_balance":-0.010000000000000002,"user":"Samuel Bempah"}
cURL Error: 

Login OTP - HTTP Code: 200
Response: {"code":"ok","message":"Successfully Sent","balance":328,"main_balance":-0.010000000000000002,"user":"Samuel Bempah"}
cURL Error: 

Login OTP - HTTP Code: 200
Response: {"code":"ok","message":"Successfully Sent","balance":327,"main_balance":-0.010000000000000002,"user":"Samuel Bempah"}
cURL Error: 

Login OTP - HTTP Code: 200
Response: {"code":"ok","message":"Successfully Sent","balance":326,"main_balance":-0.010000000000000002,"user":"Samuel Bempah"}
cURL Error: 

Login OTP - HTTP Code: 200
Response: {"code":"ok","message":"Successfully Sent","balance":322,"main_balance":-0.010000000000000002,"user":"Samuel Bempah"}
cURL Error: 

Login OTP - HTTP Code: 200
Response: {"code":"ok","message":"Successfully Sent","balance":317,"main_balance":-0.010000000000000002,"user":"Samuel Bempah"}
cURL Error: 

Login OTP - HTTP Code: 200
Response: {"code":"ok","message":"Successfully Sent","balance":312,"main_balance":-0.010000000000000002,"user":"Samuel Bempah"}
cURL Error: 

Login OTP - HTTP Code: 200
Response: {"code":"ok","message":"Successfully Sent","balance":305,"main_balance":-0.010000000000000002,"user":"Samuel Bempah"}
cURL Error: 

Login OTP - HTTP Code: 200
Response: {"code":"ok","message":"Successfully Sent","balance":299,"main_balance":-0.010000000000000002,"user":"Samuel Bempah"}
cURL Error: 

Login OTP - HTTP Code: 200
Response: {"code":"ok","message":"Successfully Sent","balance":283,"main_balance":-0.010000000000000002,"user":"Samuel Bempah"}
cURL Error: 

